[debug] [2024-11-20T14:14:34.490Z] ----------------------------------------------------------------------
[debug] [2024-11-20T14:14:34.493Z] Command:       /nix/store/k5inwzpp6a0295pd3nfckk9hq8wmifhz-nodejs-20.15.1/bin/node /nix/store/nr55zh1jsdhnlj1425klrn547xb0pf84-firebase-tools-13.24.1/lib/node_modules/firebase-tools/lib/bin/firebase.js login --no-localhost
[debug] [2024-11-20T14:14:34.494Z] CLI Version:   13.24.1
[debug] [2024-11-20T14:14:34.494Z] Platform:      linux
[debug] [2024-11-20T14:14:34.494Z] Node Version:  v20.15.1
[debug] [2024-11-20T14:14:34.494Z] Time:          Wed Nov 20 2024 14:14:34 GMT+0000 (Coordinated Universal Time)
[debug] [2024-11-20T14:14:34.494Z] ----------------------------------------------------------------------
[debug] 
[debug] [2024-11-20T14:14:34.498Z] >>> [apiv2][query] GET https://firebase-public.firebaseio.com/cli.json [none]
[info] i  Firebase optionally collects CLI and Emulator Suite usage and error reporting information to help improve our products. Data is collected in accordance with Google's privacy policy (https://policies.google.com/privacy) and is not used to identify you.
 
[debug] [2024-11-20T14:14:35.011Z] <<< [apiv2][status] GET https://firebase-public.firebaseio.com/cli.json 200
[debug] [2024-11-20T14:14:35.012Z] <<< [apiv2][body] GET https://firebase-public.firebaseio.com/cli.json {"cloudBuildErrorAfter":1594252800000,"cloudBuildWarnAfter":1590019200000,"defaultNode10After":1594252800000,"minVersion":"3.0.5","node8DeploysDisabledAfter":1613390400000,"node8RuntimeDisabledAfter":1615809600000,"node8WarnAfter":1600128000000}
[info] i  To change your data collection preference at any time, run `firebase logout` and log in again. 
[debug] [2024-11-20T14:14:45.777Z] >>> [apiv2][query] POST https://auth.firebase.tools/attest [none]
[debug] [2024-11-20T14:14:45.778Z] >>> [apiv2][body] POST https://auth.firebase.tools/attest {"session_id":"7568e912-1ed5-4e6e-bd6e-ee05d571c132"}
[debug] [2024-11-20T14:14:46.172Z] <<< [apiv2][status] POST https://auth.firebase.tools/attest 200
[debug] [2024-11-20T14:14:46.173Z] <<< [apiv2][body] POST https://auth.firebase.tools/attest {"token":"pZJIsIecJoJYPa7oxRGwE2CDqo5krLQyygdBxJmVsmM"}
[info] 
[info] To sign in to the Firebase CLI:
[info] 
[info] 1. Take note of your session ID:
[info] 
[info]    7568E
[info] 
[info] 2. Visit the URL below on any device and follow the instructions to get your code:
[info] 
[info]    https://auth.firebase.tools/login?code_challenge=9Yh8atCVgsCZszhaNy6cYJXqlCAU8KwrQhuM1weIF18&session=7568e912-1ed5-4e6e-bd6e-ee05d571c132&attest=pZJIsIecJoJYPa7oxRGwE2CDqo5krLQyygdBxJmVsmM
[info] 
[info] 3. Paste or enter the authorization code below once you have it:
[info] 
